0 info it worked if it ends with ok
1 verbose cli [ 'C:\\Program Files\\nodejs\\node.exe',
1 verbose cli   'C:\\Program Files\\nodejs\\node_modules\\npm\\bin\\npm-cli.js',
1 verbose cli   'run',
1 verbose cli   'start' ]
2 info using npm@3.10.8
3 info using node@v6.9.1
4 verbose run-script [ 'prestart', 'start', 'poststart' ]
5 info lifecycle photo-share@~prestart: photo-share@
6 silly lifecycle photo-share@~prestart: no script for prestart, continuing
7 info lifecycle photo-share@~start: photo-share@
8 verbose lifecycle photo-share@~start: unsafe-perm in lifecycle true
9 verbose lifecycle photo-share@~start: PATH: C:\Program Files\nodejs\node_modules\npm\bin\node-gyp-bin;E:\Source\NodeJS\PhotoShare\node_modules\.bin;%PY_HOME%;%PY_HOME%\Lib;%PY_HOME%\DLLs;%PY_HOME%\Lib\lib-tk;C:\Program Files\nodejs;C:\Program Files\Git\cmd;C:\Python\Python35-32\Scripts\;C:\Python\Python35-32\;C:\Users\HoaBK\AppData\Local\Programs\Python\Python36-32\Scripts\;C:\Users\HoaBK\AppData\Local\Programs\Python\Python36-32\;C:\Users\HoaBK\AppData\Local\Microsoft\WindowsApps;C:\Users\HoaBK\AppData\Roaming\npm;C:\Python27
10 verbose lifecycle photo-share@~start: CWD: E:\Source\NodeJS\PhotoShare
11 silly lifecycle photo-share@~start: Args: [ '/d /s /c', 'node ./server' ]
12 silly lifecycle photo-share@~start: Returned: code: 1  signal: null
13 info lifecycle photo-share@~start: Failed to exec start script
14 verbose stack Error: photo-share@ start: `node ./server`
14 verbose stack Exit status 1
14 verbose stack     at EventEmitter.<anonymous> (C:\Program Files\nodejs\node_modules\npm\lib\utils\lifecycle.js:255:16)
14 verbose stack     at emitTwo (events.js:106:13)
14 verbose stack     at EventEmitter.emit (events.js:191:7)
14 verbose stack     at ChildProcess.<anonymous> (C:\Program Files\nodejs\node_modules\npm\lib\utils\spawn.js:40:14)
14 verbose stack     at emitTwo (events.js:106:13)
14 verbose stack     at ChildProcess.emit (events.js:191:7)
14 verbose stack     at maybeClose (internal/child_process.js:877:16)
14 verbose stack     at Process.ChildProcess._handle.onexit (internal/child_process.js:226:5)
15 verbose pkgid photo-share@
16 verbose cwd E:\Source\NodeJS\PhotoShare
17 error Windows_NT 10.0.14393
18 error argv "C:\\Program Files\\nodejs\\node.exe" "C:\\Program Files\\nodejs\\node_modules\\npm\\bin\\npm-cli.js" "run" "start"
19 error node v6.9.1
20 error npm  v3.10.8
21 error code ELIFECYCLE
22 error photo-share@ start: `node ./server`
22 error Exit status 1
23 error Failed at the photo-share@ start script 'node ./server'.
23 error Make sure you have the latest version of node.js and npm installed.
23 error If you do, this is most likely a problem with the photo-share package,
23 error not with npm itself.
23 error Tell the author that this fails on your system:
23 error     node ./server
23 error You can get information on how to open an issue for this project with:
23 error     npm bugs photo-share
23 error Or if that isn't available, you can get their info via:
23 error     npm owner ls photo-share
23 error There is likely additional logging output above.
24 verbose exit [ 1, true ]
